<?xml version="1.0" encoding="UTF-8"?>
<!-- Generated by org.testng.reporters.JUnitReportReporter -->
<testsuite hostname="LAPTOP-52NKCSNC" failures="0" tests="1" name="testsuite.TestSuiteDemo" time="33.008" errors="0" timestamp="2022-06-26T16:12:25 IST" skipped="0">
  <testcase classname="testsuite.TestSuiteDemo" name="testSearching" time="33.008"/>
  <system-out/>
</testsuite> <!-- testsuite.TestSuiteDemo -->
